<testsuites><testsuite id="1" name="TestBasic" tests="61" errors="0" failures="0" timestamp="2019-10-05T09:47:10" time="2.360" hostname="debd97a88e3d" package="tSQLt"><properties/><testcase classname="TestBasic" name="test If database has correct collation Expect Success" time="0.010"/><testcase classname="TestBasic" name="test If stored procedure dbo.Table1_Create exists Expect Success" time="0.016"/><testcase classname="TestBasic" name="test If stored procedure dbo.Table1_Delete exists Expect Success" time="0.014"/><testcase classname="TestBasic" name="test If stored procedure dbo.Table1_GetAll exists Expect Success" time="0.017"/><testcase classname="TestBasic" name="test If stored procedure dbo.Table1_GetByID exists Expect Success" time="0.017"/><testcase classname="TestBasic" name="test If stored procedure dbo.Table1_Update exists Expect Success" time="0.016"/><testcase classname="TestBasic" name="test If stored procedure dbo.Table10_Create exists Expect Success" time="0.017"/><testcase classname="TestBasic" name="test If stored procedure dbo.Table10_Delete exists Expect Success" time="0.014"/><testcase classname="TestBasic" name="test If stored procedure dbo.Table10_GetAll exists Expect Success" time="0.010"/><testcase classname="TestBasic" name="test If stored procedure dbo.Table10_GetByID exists Expect Success" time="0.013"/><testcase classname="TestBasic" name="test If stored procedure dbo.Table10_Update exists Expect Success" time="0.007"/><testcase classname="TestBasic" name="test If stored procedure dbo.Table2_Create exists Expect Success" time="0.017"/><testcase classname="TestBasic" name="test If stored procedure dbo.Table2_Delete exists Expect Success" time="0.010"/><testcase classname="TestBasic" name="test If stored procedure dbo.Table2_GetAll exists Expect Success" time="0.017"/><testcase classname="TestBasic" name="test If stored procedure dbo.Table2_GetByID exists Expect Success" time="0.010"/><testcase classname="TestBasic" name="test If stored procedure dbo.Table2_Update exists Expect Success" time="0.010"/><testcase classname="TestBasic" name="test If stored procedure dbo.Table3_Create exists Expect Success" time="0.027"/><testcase classname="TestBasic" name="test If stored procedure dbo.Table3_Delete exists Expect Success" time="0.016"/><testcase classname="TestBasic" name="test If stored procedure dbo.Table3_GetAll exists Expect Success" time="0.017"/><testcase classname="TestBasic" name="test If stored procedure dbo.Table3_GetByID exists Expect Success" time="0.014"/><testcase classname="TestBasic" name="test If stored procedure dbo.Table3_Update exists Expect Success" time="0.020"/><testcase classname="TestBasic" name="test If stored procedure dbo.Table4_Create exists Expect Success" time="0.010"/><testcase classname="TestBasic" name="test If stored procedure dbo.Table4_Delete exists Expect Success" time="0.010"/><testcase classname="TestBasic" name="test If stored procedure dbo.Table4_GetAll exists Expect Success" time="0.013"/><testcase classname="TestBasic" name="test If stored procedure dbo.Table4_GetByID exists Expect Success" time="0.010"/><testcase classname="TestBasic" name="test If stored procedure dbo.Table4_Update exists Expect Success" time="0.017"/><testcase classname="TestBasic" name="test If stored procedure dbo.Table5_Create exists Expect Success" time="0.020"/><testcase classname="TestBasic" name="test If stored procedure dbo.Table5_Delete exists Expect Success" time="0.013"/><testcase classname="TestBasic" name="test If stored procedure dbo.Table5_GetAll exists Expect Success" time="0.010"/><testcase classname="TestBasic" name="test If stored procedure dbo.Table5_GetByID exists Expect Success" time="0.010"/><testcase classname="TestBasic" name="test If stored procedure dbo.Table5_Update exists Expect Success" time="0.013"/><testcase classname="TestBasic" name="test If stored procedure dbo.Table6_Create exists Expect Success" time="0.017"/><testcase classname="TestBasic" name="test If stored procedure dbo.Table6_Delete exists Expect Success" time="0.010"/><testcase classname="TestBasic" name="test If stored procedure dbo.Table6_GetAll exists Expect Success" time="0.013"/><testcase classname="TestBasic" name="test If stored procedure dbo.Table6_GetByID exists Expect Success" time="0.014"/><testcase classname="TestBasic" name="test If stored procedure dbo.Table6_Update exists Expect Success" time="0.010"/><testcase classname="TestBasic" name="test If stored procedure dbo.Table7_Create exists Expect Success" time="0.016"/><testcase classname="TestBasic" name="test If stored procedure dbo.Table7_Delete exists Expect Success" time="0.013"/><testcase classname="TestBasic" name="test If stored procedure dbo.Table7_GetAll exists Expect Success" time="0.013"/><testcase classname="TestBasic" name="test If stored procedure dbo.Table7_GetByID exists Expect Success" time="0.016"/><testcase classname="TestBasic" name="test If stored procedure dbo.Table7_Update exists Expect Success" time="0.010"/><testcase classname="TestBasic" name="test If stored procedure dbo.Table8_Create exists Expect Success" time="0.023"/><testcase classname="TestBasic" name="test If stored procedure dbo.Table8_Delete exists Expect Success" time="0.014"/><testcase classname="TestBasic" name="test If stored procedure dbo.Table8_GetAll exists Expect Success" time="0.020"/><testcase classname="TestBasic" name="test If stored procedure dbo.Table8_GetByID exists Expect Success" time="0.014"/><testcase classname="TestBasic" name="test If stored procedure dbo.Table8_Update exists Expect Success" time="0.020"/><testcase classname="TestBasic" name="test If stored procedure dbo.Table9_Create exists Expect Success" time="0.014"/><testcase classname="TestBasic" name="test If stored procedure dbo.Table9_Delete exists Expect Success" time="0.020"/><testcase classname="TestBasic" name="test If stored procedure dbo.Table9_GetAll exists Expect Success" time="0.010"/><testcase classname="TestBasic" name="test If stored procedure dbo.Table9_GetByID exists Expect Success" time="0.013"/><testcase classname="TestBasic" name="test If stored procedure dbo.Table9_Update exists Expect Success" time="0.020"/><testcase classname="TestBasic" name="test If table dbo.Table1 exists Expect Success" time="0.013"/><testcase classname="TestBasic" name="test If table dbo.Table10 exists Expect Success" time="0.010"/><testcase classname="TestBasic" name="test If table dbo.Table2 exists Expect Success" time="0.010"/><testcase classname="TestBasic" name="test If table dbo.Table3 exists Expect Success" time="0.007"/><testcase classname="TestBasic" name="test If table dbo.Table4 exists Expect Success" time="0.010"/><testcase classname="TestBasic" name="test If table dbo.Table5 exists Expect Success" time="0.016"/><testcase classname="TestBasic" name="test If table dbo.Table6 exists Expect Success" time="0.010"/><testcase classname="TestBasic" name="test If table dbo.Table7 exists Expect Success" time="0.010"/><testcase classname="TestBasic" name="test If table dbo.Table8 exists Expect Success" time="0.017"/><testcase classname="TestBasic" name="test If table dbo.Table9 exists Expect Success" time="0.016"/><system-out/><system-err/></testsuite></testsuites>