<testsuites>
	<testsuite id="1" name="TestBasic" tests="4" errors="0" failures="0" timestamp="2020-09-04T13:11:20" time="0.204" hostname="IT-SSTAD-MOBILE" package="tSQLt">
		<properties />
		<testcase classname="TestBasic" name="test If procedure dbo.Person_Create has the correct parameters" time="0.084" />
		<testcase classname="TestBasic" name="test If table dbo.Customer exists" time="0.000" />
		<testcase classname="TestBasic" name="test If table dbo.Person exists" time="0.004" />
		<testcase classname="TestBasic" name="test If table dbo.Person has the correct columns" time="0.097" />
		<system-out />
		<system-err />
	</testsuite>
	<testsuite id="2" name="TestUnitTesting" tests="2" errors="0" failures="0" timestamp="2020-09-04T13:11:20" time="0.070" hostname="IT-SSTAD-MOBILE" package="tSQLt">
		<properties />
		<testcase classname="TestUnitTesting" name="test Procedure Person_Create - Create person" time="0.040" />
		<testcase classname="TestUnitTesting" name="test Procedure Person_Create - Create person without first name should return error Expect success" time="0.027" />
		<system-out />
		<system-err />
	</testsuite>
</testsuites>
